[0m11:46:51.220574 [debug] [MainThread]: Sending event: {'category': 'dbt', 'action': 'invocation', 'label': 'start', 'context': [<snowplow_tracker.self_describing_json.SelfDescribingJson object at 0x11223dc10>, <snowplow_tracker.self_describing_json.SelfDescribingJson object at 0x112269190>, <snowplow_tracker.self_describing_json.SelfDescribingJson object at 0x112269d90>]}


============================== 11:46:51.223879 | 83583acb-4506-482a-bb91-056e7332179e ==============================
[0m11:46:51.223879 [info ] [MainThread]: Running with dbt=1.8.0
[0m11:46:51.224253 [debug] [MainThread]: running dbt with arguments {'printer_width': '80', 'indirect_selection': 'eager', 'log_cache_events': 'False', 'write_json': 'True', 'partial_parse': 'True', 'cache_selected_only': 'False', 'warn_error': 'None', 'fail_fast': 'False', 'profiles_dir': '/Users/juliencrabie/.dbt', 'log_path': 'logs', 'version_check': 'True', 'debug': 'False', 'use_colors': 'True', 'use_experimental_parser': 'False', 'no_print': 'None', 'quiet': 'False', 'log_format': 'default', 'static_parser': 'True', 'warn_error_options': 'WarnErrorOptions(include=[], exclude=[])', 'introspect': 'True', 'target_path': 'None', 'invocation_command': 'dbt init intercom_case', 'send_anonymous_usage_stats': 'True'}
[0m11:46:51.231914 [debug] [MainThread]: Starter project path: /Users/juliencrabie/PycharmProjects/skello-intercom-case-study/.venv/lib/python3.11/site-packages/dbt/include/starter_project
[0m11:46:51.234532 [info ] [MainThread]: 
Your new dbt project "intercom_case" was created!

For more information on how to configure the profiles.yml file,
please consult the dbt documentation here:

  https://docs.getdbt.com/docs/configure-your-profile

One more thing:

Need help? Don't hesitate to reach out to us via GitHub issues or on Slack:

  https://community.getdbt.com/

Happy modeling!

[0m11:46:51.234829 [info ] [MainThread]: Setting up your profile.
[0m12:20:35.964399 [info ] [MainThread]: Profile intercom_case written to /Users/juliencrabie/.dbt/profiles.yml using target's profile_template.yml and your supplied values. Run 'dbt debug' to validate the connection.
[0m12:20:35.970743 [debug] [MainThread]: Resource report: {"command_name": "init", "command_success": true, "command_wall_clock_time": 2024.8535, "process_user_time": 0.953905, "process_kernel_time": 0.200197, "process_mem_max_rss": "103727104", "process_in_blocks": "0", "process_out_blocks": "0"}
[0m12:20:35.973500 [debug] [MainThread]: Command `dbt init` succeeded at 12:20:35.973279 after 2024.86 seconds
[0m12:20:35.974482 [debug] [MainThread]: Sending event: {'category': 'dbt', 'action': 'invocation', 'label': 'end', 'context': [<snowplow_tracker.self_describing_json.SelfDescribingJson object at 0x11213cb10>, <snowplow_tracker.self_describing_json.SelfDescribingJson object at 0x112233d50>, <snowplow_tracker.self_describing_json.SelfDescribingJson object at 0x1044f6450>]}
[0m12:20:35.975213 [debug] [MainThread]: Flushing usage events
